<?xml version="1.0" encoding="UTF-8"?>
<!-- Generated by org.testng.reporters.JUnitReportReporter -->
<testsuite hostname="LIN80020702" failures="0" tests="1" name="org.example.AppTest" time="0.022" errors="0" timestamp="2023-02-06T22:52:23 IST" skipped="0">
  <testcase classname="org.example.AppTest" name="shouldAnswerWithTrue" time="0.022"/>
  <system-out/>
</testsuite> <!-- org.example.AppTest -->
